<?xml version="1.0" encoding="UTF-8" standalone="no"?>
<!DOCTYPE log SYSTEM "logger.dtd">
<log>
<record>
  <date>2023-10-02T17:34:12.660-0300</date>
  <logger>YOHAN LOPES RODRIGUES</logger>
  <level>FINE</level>
  <message>File 122210318-YOHAN LOPES RODRIGUES.zip was received. It was sent by YOHAN LOPES RODRIGUES from IP 192.168.1.108 at 02-10-2023 17*34*12</message>
</record>
</log>
<?xml version="1.0" encoding="UTF-8" standalone="no"?>
<!DOCTYPE log SYSTEM "logger.dtd">
<log>
<record>
  <date>2023-10-02T17:47:22.037-0300</date>
  <logger>YOHAN LOPES RODRIGUES</logger>
  <level>FINE</level>
  <message>File 122210318-YOHAN LOPES RODRIGUES.zip was received. It was sent by YOHAN LOPES RODRIGUES from IP 192.168.1.108 at 02-10-2023 17*47*22</message>
</record>
</log>
<?xml version="1.0" encoding="UTF-8" standalone="no"?>
<!DOCTYPE log SYSTEM "logger.dtd">
<log>
<record>
  <date>2023-10-03T14:18:48.081-0300</date>
  <logger>YOHAN LOPES RODRIGUES</logger>
  <level>FINE</level>
  <message>File 122210318-YOHAN LOPES RODRIGUES.zip was received. It was sent by YOHAN LOPES RODRIGUES from IP 192.168.0.10 at 03-10-2023 14*18*48</message>
</record>
